[0m12:05:47.098812 [debug] [MainThread]: Sending event: {'category': 'dbt', 'action': 'invocation', 'label': 'start', 'context': [<snowplow_tracker.self_describing_json.SelfDescribingJson object at 0x0000020054319C90>, <snowplow_tracker.self_describing_json.SelfDescribingJson object at 0x000002005424BCD0>, <snowplow_tracker.self_describing_json.SelfDescribingJson object at 0x0000020054773E90>]}


============================== 12:05:47.104449 | 1864fc88-5da1-45ae-8f62-5fdc5424b9c4 ==============================
[0m12:05:47.104449 [info ] [MainThread]: Running with dbt=1.5.0
[0m12:05:47.105448 [debug] [MainThread]: running dbt with arguments {'printer_width': '80', 'indirect_selection': 'eager', 'write_json': 'True', 'log_cache_events': 'False', 'partial_parse': 'True', 'cache_selected_only': 'False', 'profiles_dir': 'C:\\Users\\RWillock\\.dbt', 'version_check': 'True', 'fail_fast': 'False', 'log_path': 'logs', 'warn_error': 'None', 'debug': 'False', 'use_colors': 'True', 'use_experimental_parser': 'False', 'no_print': 'None', 'quiet': 'False', 'log_format': 'default', 'introspect': 'True', 'warn_error_options': 'WarnErrorOptions(include=[], exclude=[])', 'static_parser': 'True', 'target_path': 'None', 'send_anonymous_usage_stats': 'True'}
[0m12:05:47.108440 [debug] [MainThread]: Starter project path: C:\Users\RWillock\AppData\Local\Programs\Python\Python311\Lib\site-packages\dbt\include\starter_project
[0m12:09:11.933685 [info ] [MainThread]: Profile jaffle_shop written to C:\Users\RWillock\.dbt\profiles.yml using target's profile_template.yml and your supplied values. Run 'dbt debug' to validate the connection.
[0m12:09:11.935681 [info ] [MainThread]: 
Your new dbt project "jaffle_shop" was created!

For more information on how to configure the profiles.yml file,
please consult the dbt documentation here:

  https://docs.getdbt.com/docs/configure-your-profile

One more thing:

Need help? Don't hesitate to reach out to us via GitHub issues or on Slack:

  https://community.getdbt.com/

Happy modeling!

[0m12:09:11.940670 [debug] [MainThread]: Command `dbt init` succeeded at 12:09:11.939671 after 204.89 seconds
[0m12:09:11.941665 [debug] [MainThread]: Sending event: {'category': 'dbt', 'action': 'invocation', 'label': 'end', 'context': [<snowplow_tracker.self_describing_json.SelfDescribingJson object at 0x0000020054022750>, <snowplow_tracker.self_describing_json.SelfDescribingJson object at 0x0000020054056510>, <snowplow_tracker.self_describing_json.SelfDescribingJson object at 0x000002004F6C95D0>]}
[0m12:09:11.943673 [debug] [MainThread]: Flushing usage events
[0m12:17:05.841764 [debug] [MainThread]: Sending event: {'category': 'dbt', 'action': 'invocation', 'label': 'start', 'context': [<snowplow_tracker.self_describing_json.SelfDescribingJson object at 0x0000018A71C97DD0>, <snowplow_tracker.self_describing_json.SelfDescribingJson object at 0x0000018A719A1FD0>, <snowplow_tracker.self_describing_json.SelfDescribingJson object at 0x0000018A719D4C50>]}


============================== 12:17:05.847710 | db81eaa9-17c3-4ef0-b45f-9ffbc2d32315 ==============================
[0m12:17:05.847710 [info ] [MainThread]: Running with dbt=1.5.0
[0m12:17:05.848705 [debug] [MainThread]: running dbt with arguments {'printer_width': '80', 'indirect_selection': 'eager', 'log_cache_events': 'False', 'write_json': 'True', 'partial_parse': 'True', 'cache_selected_only': 'False', 'profiles_dir': 'C:\\Users\\RWillock\\.dbt', 'version_check': 'True', 'fail_fast': 'False', 'log_path': 'logs', 'warn_error': 'None', 'debug': 'False', 'use_colors': 'True', 'use_experimental_parser': 'False', 'no_print': 'None', 'quiet': 'False', 'warn_error_options': 'WarnErrorOptions(include=[], exclude=[])', 'introspect': 'True', 'log_format': 'default', 'static_parser': 'True', 'target_path': 'None', 'send_anonymous_usage_stats': 'True'}
[0m12:17:05.850703 [info ] [MainThread]: dbt version: 1.5.0
[0m12:17:05.851698 [info ] [MainThread]: python version: 3.11.3
[0m12:17:05.852697 [info ] [MainThread]: python path: C:\Users\RWillock\AppData\Local\Programs\Python\Python311\python.exe
[0m12:17:05.854690 [info ] [MainThread]: os info: Windows-10-10.0.19044-SP0
[0m12:17:05.855688 [info ] [MainThread]: Using profiles.yml file at C:\Users\RWillock\.dbt\profiles.yml
[0m12:17:05.857682 [info ] [MainThread]: Using dbt_project.yml file at C:\Git\dbt-tutorial\dbt_project.yml
[0m12:17:05.859676 [info ] [MainThread]: Configuration:
[0m12:17:07.691822 [info ] [MainThread]:   profiles.yml file [[32mOK found and valid[0m]
[0m12:17:07.693777 [info ] [MainThread]:   dbt_project.yml file [[31mERROR not found[0m]
[0m12:17:07.695772 [info ] [MainThread]: Required dependencies:
[0m12:17:07.697767 [debug] [MainThread]: Executing "git --help"
[0m12:17:07.871891 [debug] [MainThread]: STDOUT: "b"usage: git [--version] [--help] [-C <path>] [-c <name>=<value>]\n           [--exec-path[=<path>]] [--html-path] [--man-path] [--info-path]\n           [-p | --paginate | -P | --no-pager] [--no-replace-objects] [--bare]\n           [--git-dir=<path>] [--work-tree=<path>] [--namespace=<name>]\n           [--super-prefix=<path>] [--config-env=<name>=<envvar>]\n           <command> [<args>]\n\nThese are common Git commands used in various situations:\n\nstart a working area (see also: git help tutorial)\n   clone     Clone a repository into a new directory\n   init      Create an empty Git repository or reinitialize an existing one\n\nwork on the current change (see also: git help everyday)\n   add       Add file contents to the index\n   mv        Move or rename a file, a directory, or a symlink\n   restore   Restore working tree files\n   rm        Remove files from the working tree and from the index\n\nexamine the history and state (see also: git help revisions)\n   bisect    Use binary search to find the commit that introduced a bug\n   diff      Show changes between commits, commit and working tree, etc\n   grep      Print lines matching a pattern\n   log       Show commit logs\n   show      Show various types of objects\n   status    Show the working tree status\n\ngrow, mark and tweak your common history\n   branch    List, create, or delete branches\n   commit    Record changes to the repository\n   merge     Join two or more development histories together\n   rebase    Reapply commits on top of another base tip\n   reset     Reset current HEAD to the specified state\n   switch    Switch branches\n   tag       Create, list, delete or verify a tag object signed with GPG\n\ncollaborate (see also: git help workflows)\n   fetch     Download objects and refs from another repository\n   pull      Fetch from and integrate with another repository or a local branch\n   push      Update remote refs along with associated objects\n\n'git help -a' and 'git help -g' list available subcommands and some\nconcept guides. See 'git help <command>' or 'git help <concept>'\nto read about a specific subcommand or concept.\nSee 'git help git' for an overview of the system.\n""
[0m12:17:07.872888 [debug] [MainThread]: STDERR: "b''"
[0m12:17:07.873885 [info ] [MainThread]:  - git [[32mOK found[0m]

[0m12:17:07.874881 [info ] [MainThread]: Connection:
[0m12:17:07.875880 [info ] [MainThread]:   host: adb-8911032177139987.7.azuredatabricks.net
[0m12:17:07.877875 [info ] [MainThread]:   http_path: /sql/1.0/warehouses/4951d4d476e6bfe3
[0m12:17:07.878899 [info ] [MainThread]:   schema: test_rw
[0m12:17:07.881864 [debug] [MainThread]: Acquiring new databricks connection 'debug'
[0m12:17:07.883870 [debug] [MainThread]: Using databricks connection "debug"
[0m12:17:07.884857 [debug] [MainThread]: On debug: select 1 as id
[0m12:17:07.885854 [debug] [MainThread]: Opening a new connection, currently in state init
[0m12:21:12.078603 [debug] [MainThread]: SQL status: OK in 244.19000244140625 seconds
[0m12:21:12.394690 [debug] [MainThread]: On debug: Close
[0m12:21:12.553373 [info ] [MainThread]:   Connection test: [[32mOK connection ok[0m]

[0m12:21:12.555367 [info ] [MainThread]: [31m1 check failed:[0m
[0m12:21:12.556364 [info ] [MainThread]: Could not load dbt_project.yml

[0m12:21:12.559356 [debug] [MainThread]: Command `dbt debug` failed at 12:21:12.559356 after 246.79 seconds
[0m12:21:12.560353 [debug] [MainThread]: Connection 'debug' was properly closed.
[0m12:21:12.560353 [debug] [MainThread]: Sending event: {'category': 'dbt', 'action': 'invocation', 'label': 'end', 'context': [<snowplow_tracker.self_describing_json.SelfDescribingJson object at 0x0000018A719AC150>, <snowplow_tracker.self_describing_json.SelfDescribingJson object at 0x0000018A6D078110>, <snowplow_tracker.self_describing_json.SelfDescribingJson object at 0x0000018A6F903E50>]}
[0m12:21:12.562349 [debug] [MainThread]: Flushing usage events
[0m13:42:02.743235 [debug] [MainThread]: Sending event: {'category': 'dbt', 'action': 'invocation', 'label': 'start', 'context': [<snowplow_tracker.self_describing_json.SelfDescribingJson object at 0x00000237BAD4EF90>, <snowplow_tracker.self_describing_json.SelfDescribingJson object at 0x00000237BA9E6A10>, <snowplow_tracker.self_describing_json.SelfDescribingJson object at 0x00000237BA9CDF90>]}


============================== 13:42:02.747229 | e4ac7864-049f-478b-a899-fd3f1c9d2528 ==============================
[0m13:42:02.747229 [info ] [MainThread]: Running with dbt=1.5.0
[0m13:42:02.748194 [debug] [MainThread]: running dbt with arguments {'printer_width': '80', 'indirect_selection': 'eager', 'write_json': 'True', 'log_cache_events': 'False', 'partial_parse': 'True', 'cache_selected_only': 'False', 'warn_error': 'None', 'version_check': 'True', 'profiles_dir': 'C:\\Users\\RWillock\\.dbt', 'log_path': 'logs', 'debug': 'False', 'fail_fast': 'False', 'use_colors': 'True', 'use_experimental_parser': 'False', 'no_print': 'None', 'quiet': 'False', 'log_format': 'default', 'static_parser': 'True', 'introspect': 'True', 'warn_error_options': 'WarnErrorOptions(include=[], exclude=[])', 'target_path': 'None', 'send_anonymous_usage_stats': 'True'}
[0m13:42:02.749190 [error] [MainThread]: Encountered an error:
Runtime Error
  No dbt_project.yml found at expected path C:\Git\dbt-tutorial\dbt_project.yml
  Verify that each entry within packages.yml (and their transitive dependencies) contains a file named dbt_project.yml
  
[0m13:42:02.752185 [debug] [MainThread]: Command `dbt run` failed at 13:42:02.752185 after 0.06 seconds
[0m13:42:02.753183 [debug] [MainThread]: Sending event: {'category': 'dbt', 'action': 'invocation', 'label': 'end', 'context': [<snowplow_tracker.self_describing_json.SelfDescribingJson object at 0x00000237BB117850>, <snowplow_tracker.self_describing_json.SelfDescribingJson object at 0x00000237BB11C250>, <snowplow_tracker.self_describing_json.SelfDescribingJson object at 0x00000237BA9F8F10>]}
[0m13:42:02.753183 [debug] [MainThread]: Flushing usage events
